2022-06-01 15:58:32,746 [1] INFO  - 로그인 시작
2022-06-01 16:05:47,147 [1] INFO  - 로그인 시작
2022-06-01 16:08:06,436 [1] INFO  - no such element: Unable to locate element: {"method":"xpath","selector":"//*[@id='react - root']/section/nav/div[2]/div/div/div[3]/div/span/a[1]/button"}
  (Session info: chrome=102.0.5005.63)
2022-06-01 16:11:31,409 [1] INFO  - no such element: Unable to locate element: {"method":"xpath","selector":"//*[@id='react - root']/section/nav/div[2]/div/div/div[3]/div/span/a[1]/button"}
  (Session info: chrome=102.0.5005.63)
2022-06-01 16:13:20,570 [1] INFO  - no such element: Unable to locate element: {"method":"xpath","selector":"//*[@id='react - root']/section/nav/div[2]/div/div/div[3]/div/span/a[1]/button"}
  (Session info: chrome=102.0.5005.63)
2022-06-01 16:13:59,593 [1] INFO  - no such element: Unable to locate element: {"method":"xpath","selector":"//*[@id='react - root']/section/nav/div[2]/div/div/div[3]/div/span/a[1]/button"}
  (Session info: chrome=102.0.5005.63)
2022-06-01 16:15:48,113 [1] INFO  - 로그인 시작
2022-06-01 16:15:50,330 [1] INFO  - 사이트 접속
2022-06-01 16:15:55,364 [1] INFO  - no such element: Unable to locate element: {"method":"xpath","selector":"//*[@id='react - root']/section/nav/div[2]/div/div/div[3]/div/span/a[1]/button"}
  (Session info: chrome=102.0.5005.63)
2022-06-01 16:17:03,838 [1] INFO  - 로그인 시작
2022-06-01 16:17:05,953 [1] INFO  - 사이트 접속
2022-06-01 16:17:06,291 [1] INFO  - 아이디, 비밀번호 입력
2022-06-01 16:17:06,341 [1] INFO  - 로그인 시작
2022-06-01 16:17:50,549 [1] INFO  - 로그인 시작
2022-06-01 16:17:52,720 [1] INFO  - 사이트 접속
2022-06-01 16:17:53,021 [1] INFO  - 아이디, 비밀번호 입력
2022-06-01 16:17:53,064 [1] INFO  - 로그인 시작
2022-06-01 16:19:29,324 [1] INFO  - 로그인 시작
2022-06-01 16:19:31,365 [1] INFO  - 사이트 접속
2022-06-01 16:19:31,678 [1] INFO  - 아이디, 비밀번호 입력
2022-06-01 16:19:31,724 [1] INFO  - 로그인 접속
2022-06-01 16:19:57,473 [1] INFO  - 로그인 시작
2022-06-01 16:19:59,552 [1] INFO  - 사이트 접속
2022-06-01 16:19:59,857 [1] INFO  - 아이디, 비밀번호 입력
2022-06-01 16:19:59,903 [1] INFO  - 로그인 접속
2022-06-01 16:22:30,603 [1] INFO  - 로그인 시작
2022-06-01 16:22:32,703 [1] INFO  - 사이트 접속
2022-06-01 16:22:32,999 [1] INFO  - 아이디, 비밀번호 입력
2022-06-01 16:22:33,045 [1] INFO  - 로그인 접속
2022-06-01 16:22:33,046 [1] INFO  - 로그인 후 다시 특정 사이트 이동https://www.instagram.com/dahyeon_l/
2022-06-01 16:23:33,529 [1] INFO  - 로그인 시작
2022-06-01 16:23:35,761 [1] INFO  - 사이트 접속
2022-06-01 16:23:36,077 [1] INFO  - 아이디, 비밀번호 입력
2022-06-01 16:23:36,123 [1] INFO  - 로그인 접속
2022-06-01 16:32:05,534 [1] INFO  - 로그인 시작
2022-06-01 16:32:07,889 [1] INFO  - 사이트 접속
2022-06-01 16:32:08,195 [1] INFO  - 아이디, 비밀번호 입력
2022-06-01 16:32:08,238 [1] INFO  - 로그인 접속
2022-06-01 16:38:29,557 [1] INFO  - 로그인 시작
2022-06-01 16:38:31,636 [1] INFO  - 사이트 접속
2022-06-01 16:38:32,167 [1] INFO  - 아이디, 비밀번호 입력
2022-06-01 16:38:37,211 [1] INFO  - no such element: Unable to locate element: {"method":"css selector","selector":"button btn_g"}
  (Session info: chrome=102.0.5005.63)
2022-06-01 16:39:48,638 [1] INFO  - 로그인 시작
2022-06-01 16:39:50,823 [1] INFO  - 사이트 접속
2022-06-01 16:39:51,340 [1] INFO  - 아이디, 비밀번호 입력
2022-06-01 16:39:56,430 [1] INFO  - no such element: Unable to locate element: {"method":"css selector","selector":"button .btn_g"}
  (Session info: chrome=102.0.5005.63)
2022-06-01 16:40:47,736 [1] INFO  - 로그인 시작
2022-06-01 16:40:49,856 [1] INFO  - 사이트 접속
2022-06-01 16:40:50,418 [1] INFO  - 아이디, 비밀번호 입력
2022-06-01 16:40:55,454 [1] INFO  - no such element: Unable to locate element: {"method":"xpath","selector":"//*[@id='login - form']/fieldset/div[8]/button[1]"}
  (Session info: chrome=102.0.5005.63)
2022-06-01 16:42:53,478 [1] INFO  - 로그인 시작
2022-06-01 16:42:55,554 [1] INFO  - 사이트 접속
2022-06-01 16:42:56,043 [1] INFO  - 아이디, 비밀번호 입력
2022-06-01 16:42:56,179 [1] INFO  - 로그인 접속
2022-06-01 16:43:53,265 [1] INFO  - 로그인 시작
2022-06-01 16:43:55,360 [1] INFO  - 사이트 접속
2022-06-01 16:43:55,845 [1] INFO  - 아이디, 비밀번호 입력
2022-06-01 16:44:00,936 [1] INFO  - no such element: Unable to locate element: {"method":"css selector","selector":"button .btn_confirm"}
  (Session info: chrome=102.0.5005.63)
2022-06-01 16:46:40,767 [1] INFO  - 로그인 시작
2022-06-01 16:46:42,874 [1] INFO  - 사이트 접속
2022-06-01 16:46:43,422 [1] INFO  - 아이디, 비밀번호 입력
2022-06-01 16:46:43,452 [1] INFO  - 로그인 접속
2022-06-01 17:02:27,198 [1] INFO  - 로그인 시작
2022-06-01 17:02:29,296 [1] INFO  - 사이트 접속
2022-06-01 17:02:29,769 [1] INFO  - 아이디, 비밀번호 입력
2022-06-01 17:02:29,801 [1] INFO  - 로그인 접속
2022-06-01 17:02:29,802 [1] INFO  - 로그인 후 다시 특정 사이트 이동https://mail.daum.net/
2022-06-01 17:04:15,550 [1] INFO  - 로그인 시작
2022-06-01 17:04:17,653 [1] INFO  - 사이트 접속
2022-06-01 17:04:18,202 [1] INFO  - 아이디, 비밀번호 입력
2022-06-01 17:04:18,233 [1] INFO  - 로그인 접속
2022-06-01 17:04:19,265 [1] INFO  - 로그인 후 이메일 사이트이동https://mail.daum.net/
2022-06-01 19:13:34,488 [1] INFO  - 인덱스가 범위를 벗어났습니다. 인덱스는 음수가 아니어야 하며 컬렉션의 크기보다 작아야 합니다.
매개 변수 이름: index
2022-06-01 20:04:00,845 [1] INFO  - 이미지 검색 시작
2022-06-01 20:04:01,383 [1] INFO  - 이미지 가져오기
2022-06-01 20:04:03,022 [1] INFO  - 이미지 보여주기
2022-06-01 20:04:09,551 [1] INFO  - 엑셀 생성
2022-06-01 20:04:09,892 [1] INFO  - 크롤링 완료
2022-06-01 20:05:28,559 [1] INFO  - 이미지 검색 시작
2022-06-01 20:05:29,123 [1] INFO  - 이미지 가져오기
2022-06-01 20:05:30,818 [1] INFO  - 이미지 보여주기
2022-06-01 20:05:37,311 [1] INFO  - 엑셀 생성
2022-06-01 20:05:37,522 [1] INFO  - 크롤링 완료
2022-06-01 20:15:33,116 [1] INFO  - 로그인 시작
2022-06-01 20:15:35,257 [1] INFO  - 사이트 접속
2022-06-01 20:15:35,800 [1] INFO  - 아이디, 비밀번호 입력
2022-06-01 20:15:35,832 [1] INFO  - 로그인 접속
2022-06-01 20:15:51,551 [1] INFO  - 이미지 검색 시작
2022-06-01 20:15:52,015 [1] INFO  - 이미지 가져오기
2022-06-01 20:15:53,622 [1] INFO  - 이미지 보여주기
2022-06-01 20:15:59,808 [1] INFO  - 엑셀 생성
2022-06-01 20:15:59,874 [1] INFO  - 엑셀 저장
2022-06-01 20:16:00,017 [1] INFO  - 크롤링 완료
2022-06-01 20:16:51,210 [1] INFO  - 이미지 검색 시작
2022-06-01 20:16:51,771 [1] INFO  - 이미지 가져오기
2022-06-01 20:16:53,679 [1] INFO  - 이미지 보여주기
2022-06-01 20:16:59,864 [1] INFO  - 엑셀 생성
2022-06-01 20:16:59,931 [1] INFO  - 엑셀 저장
2022-06-01 20:17:00,076 [1] INFO  - 크롤링 완료
